  Power_Display.cpp
C:\Users\양영현\source\repos\Power_ing\Power_Display.cpp(71,160): warning C4244: '인수': 'const double'에서 'int'(으)로 변환하면서 데이터가 손실될 수 있습니다.
C:\Users\양영현\source\repos\Power_ing\Power_Display.cpp(71,139): warning C4244: '인수': 'const double'에서 'int'(으)로 변환하면서 데이터가 손실될 수 있습니다.
C:\Users\양영현\source\repos\Power_ing\Power_Display.cpp(71,110): warning C4244: '인수': 'const double'에서 'int'(으)로 변환하면서 데이터가 손실될 수 있습니다.
C:\Users\양영현\source\repos\Power_ing\Power_Display.cpp(71,87): warning C4244: '인수': 'const double'에서 'int'(으)로 변환하면서 데이터가 손실될 수 있습니다.
C:\Users\양영현\source\repos\Power_ing\Power_Display.cpp(71,64): warning C4244: '인수': 'double'에서 'int'(으)로 변환하면서 데이터가 손실될 수 있습니다.
C:\Users\양영현\source\repos\Power_ing\Power_Display.cpp(71,33): warning C4244: '인수': 'double'에서 'int'(으)로 변환하면서 데이터가 손실될 수 있습니다.
C:\Users\양영현\source\repos\Power_ing\Power_Display.cpp(72,203): warning C4244: '인수': 'const double'에서 'int'(으)로 변환하면서 데이터가 손실될 수 있습니다.
C:\Users\양영현\source\repos\Power_ing\Power_Display.cpp(72,189): warning C4244: '인수': 'const double'에서 'int'(으)로 변환하면서 데이터가 손실될 수 있습니다.
C:\Users\양영현\source\repos\Power_ing\Power_Display.cpp(72,161): warning C4244: '인수': 'double'에서 'int'(으)로 변환하면서 데이터가 손실될 수 있습니다.
C:\Users\양영현\source\repos\Power_ing\Power_Display.cpp(72,125): warning C4244: '인수': 'double'에서 'int'(으)로 변환하면서 데이터가 손실될 수 있습니다.
C:\Users\양영현\source\repos\Power_ing\Power_Display.cpp(72,96): warning C4244: '인수': 'const double'에서 'int'(으)로 변환하면서 데이터가 손실될 수 있습니다.
C:\Users\양영현\source\repos\Power_ing\Power_Display.cpp(72,80): warning C4244: '인수': 'const double'에서 'int'(으)로 변환하면서 데이터가 손실될 수 있습니다.
C:\Users\양영현\source\repos\Power_ing\Power_Display.cpp(72,64): warning C4244: '인수': 'double'에서 'int'(으)로 변환하면서 데이터가 손실될 수 있습니다.
C:\Users\양영현\source\repos\Power_ing\Power_Display.cpp(72,40): warning C4244: '인수': 'double'에서 'int'(으)로 변환하면서 데이터가 손실될 수 있습니다.
C:\Users\양영현\source\repos\Power_ing\Power_Display.cpp(74,118): warning C4244: '인수': 'double'에서 'int'(으)로 변환하면서 데이터가 손실될 수 있습니다.
C:\Users\양영현\source\repos\Power_ing\Power_Display.cpp(74,100): warning C4244: '인수': 'double'에서 'int'(으)로 변환하면서 데이터가 손실될 수 있습니다.
C:\Users\양영현\source\repos\Power_ing\Power_Display.cpp(74,74): warning C4244: '인수': 'double'에서 'int'(으)로 변환하면서 데이터가 손실될 수 있습니다.
C:\Users\양영현\source\repos\Power_ing\Power_Display.cpp(74,41): warning C4244: '인수': 'double'에서 'int'(으)로 변환하면서 데이터가 손실될 수 있습니다.
C:\Users\양영현\source\repos\Power_ing\Power_Display.cpp(75,118): warning C4244: '인수': 'double'에서 'int'(으)로 변환하면서 데이터가 손실될 수 있습니다.
C:\Users\양영현\source\repos\Power_ing\Power_Display.cpp(75,100): warning C4244: '인수': 'double'에서 'int'(으)로 변환하면서 데이터가 손실될 수 있습니다.
C:\Users\양영현\source\repos\Power_ing\Power_Display.cpp(75,74): warning C4244: '인수': 'double'에서 'int'(으)로 변환하면서 데이터가 손실될 수 있습니다.
C:\Users\양영현\source\repos\Power_ing\Power_Display.cpp(75,41): warning C4244: '인수': 'double'에서 'int'(으)로 변환하면서 데이터가 손실될 수 있습니다.
C:\Users\양영현\source\repos\Power_ing\Power_Display.cpp(76,113): warning C4244: '인수': 'double'에서 'int'(으)로 변환하면서 데이터가 손실될 수 있습니다.
C:\Users\양영현\source\repos\Power_ing\Power_Display.cpp(76,95): warning C4244: '인수': 'double'에서 'int'(으)로 변환하면서 데이터가 손실될 수 있습니다.
C:\Users\양영현\source\repos\Power_ing\Power_Display.cpp(76,69): warning C4244: '인수': 'double'에서 'int'(으)로 변환하면서 데이터가 손실될 수 있습니다.
C:\Users\양영현\source\repos\Power_ing\Power_Display.cpp(76,36): warning C4244: '인수': 'double'에서 'int'(으)로 변환하면서 데이터가 손실될 수 있습니다.
C:\Users\양영현\source\repos\Power_ing\Power_Display.cpp(77,113): warning C4244: '인수': 'double'에서 'int'(으)로 변환하면서 데이터가 손실될 수 있습니다.
C:\Users\양영현\source\repos\Power_ing\Power_Display.cpp(77,95): warning C4244: '인수': 'double'에서 'int'(으)로 변환하면서 데이터가 손실될 수 있습니다.
C:\Users\양영현\source\repos\Power_ing\Power_Display.cpp(77,69): warning C4244: '인수': 'double'에서 'int'(으)로 변환하면서 데이터가 손실될 수 있습니다.
C:\Users\양영현\source\repos\Power_ing\Power_Display.cpp(77,36): warning C4244: '인수': 'double'에서 'int'(으)로 변환하면서 데이터가 손실될 수 있습니다.
C:\Users\양영현\source\repos\Power_ing\Power_Display.cpp(84,194): warning C4244: '인수': 'const double'에서 'int'(으)로 변환하면서 데이터가 손실될 수 있습니다.
C:\Users\양영현\source\repos\Power_ing\Power_Display.cpp(84,184): warning C4244: '인수': 'const double'에서 'int'(으)로 변환하면서 데이터가 손실될 수 있습니다.
C:\Users\양영현\source\repos\Power_ing\Power_Display.cpp(124,70): warning C4244: '인수': 'double'에서 'int'(으)로 변환하면서 데이터가 손실될 수 있습니다.
C:\Users\양영현\source\repos\Power_ing\Power_Display.cpp(124,63): warning C4244: '인수': 'double'에서 'int'(으)로 변환하면서 데이터가 손실될 수 있습니다.
C:\Users\양영현\source\repos\Power_ing\Power_Display.cpp(125,69): warning C4244: '인수': 'double'에서 'int'(으)로 변환하면서 데이터가 손실될 수 있습니다.
C:\Users\양영현\source\repos\Power_ing\Power_Display.cpp(125,62): warning C4244: '인수': 'double'에서 'int'(으)로 변환하면서 데이터가 손실될 수 있습니다.
C:\Users\양영현\source\repos\Power_ing\Power_Display.cpp(126,72): warning C4244: '인수': 'double'에서 'int'(으)로 변환하면서 데이터가 손실될 수 있습니다.
C:\Users\양영현\source\repos\Power_ing\Power_Display.cpp(126,65): warning C4244: '인수': 'double'에서 'int'(으)로 변환하면서 데이터가 손실될 수 있습니다.
C:\Users\양영현\source\repos\Power_ing\Power_Display.cpp(127,73): warning C4244: '인수': 'double'에서 'int'(으)로 변환하면서 데이터가 손실될 수 있습니다.
C:\Users\양영현\source\repos\Power_ing\Power_Display.cpp(127,66): warning C4244: '인수': 'double'에서 'int'(으)로 변환하면서 데이터가 손실될 수 있습니다.
C:\Users\양영현\source\repos\Power_ing\Power_Display.cpp(142,39): warning C4244: '인수': 'double'에서 'int'(으)로 변환하면서 데이터가 손실될 수 있습니다.
C:\Users\양영현\source\repos\Power_ing\Power_Display.cpp(142,20): warning C4244: '인수': 'double'에서 'int'(으)로 변환하면서 데이터가 손실될 수 있습니다.
C:\Users\양영현\source\repos\Power_ing\Power_Display.cpp(143,39): warning C4244: '인수': 'double'에서 'int'(으)로 변환하면서 데이터가 손실될 수 있습니다.
C:\Users\양영현\source\repos\Power_ing\Power_Display.cpp(143,20): warning C4244: '인수': 'double'에서 'int'(으)로 변환하면서 데이터가 손실될 수 있습니다.
  Power_Main.cpp
C:\Users\양영현\source\repos\Power_ing\Power_Main.cpp(50,16): warning C4244: 'return': 'WPARAM'에서 'int'(으)로 변환하면서 데이터가 손실될 수 있습니다.
  Power_Orb.cpp
C:\Users\양영현\source\repos\Power_ing\Power_Orb.cpp(182,27): warning C4244: '=': 'double'에서 'int'(으)로 변환하면서 데이터가 손실될 수 있습니다.
  Power_ing.cpp
C:\Users\양영현\source\repos\Power_ing\Power_ing.cpp(1,1): warning C4819: 현재 코드 페이지(949)에서 표시할 수 없는 문자가 파일에 들어 있습니다. 데이터가 손실되지 않게 하려면 해당 파일을 유니코드 형식으로 저장하십시오.
C:\Users\양영현\source\repos\Power_ing\Power_ing.cpp(11,8): warning C4101: 'lpOut' :참조되지 않은 지역 변수입니다.
  코드를 생성하고 있습니다...
  Power_ing.vcxproj -> C:\Users\양영현\source\repos\Power_ing\x64\Debug\Power_ing.exe
